0    DEBUG [2019-07-16 12:02:04]  Couldn't find template in cache for "fail.ftl"("zh_CN", UTF-8, parsed); will try to load it.
3    DEBUG [2019-07-16 12:02:04]  TemplateLoader.findTemplateSource("fail_zh_CN.ftl"): Not found
5    DEBUG [2019-07-16 12:02:04]  TemplateLoader.findTemplateSource("fail_zh.ftl"): Not found
5    DEBUG [2019-07-16 12:02:04]  TemplateLoader.findTemplateSource("fail.ftl"): Not found
0    DEBUG [2019-07-17 14:57:04]  Couldn't find template in cache for "index.ftl"("zh_CN", UTF-8, parsed); will try to load it.
2    DEBUG [2019-07-17 14:57:04]  TemplateLoader.findTemplateSource("index_zh_CN.ftl"): Not found
3    DEBUG [2019-07-17 14:57:04]  TemplateLoader.findTemplateSource("index_zh.ftl"): Not found
4    DEBUG [2019-07-17 14:57:04]  TemplateLoader.findTemplateSource("index.ftl"): Not found
10749 DEBUG [2019-07-17 14:57:14]  TemplateLoader.findTemplateSource("index_zh_CN.ftl"): Not found
10750 DEBUG [2019-07-17 14:57:14]  TemplateLoader.findTemplateSource("index_zh.ftl"): Not found
10750 DEBUG [2019-07-17 14:57:14]  TemplateLoader.findTemplateSource("index.ftl"): Not found
10750 DEBUG [2019-07-17 14:57:14]  "index.ftl"("zh_CN", UTF-8, parsed) no source found.
43874 DEBUG [2019-07-17 14:57:48]  TemplateLoader.findTemplateSource("index_zh_CN.ftl"): Not found
43875 DEBUG [2019-07-17 14:57:48]  TemplateLoader.findTemplateSource("index_zh.ftl"): Not found
43875 DEBUG [2019-07-17 14:57:48]  TemplateLoader.findTemplateSource("index.ftl"): Not found
43875 DEBUG [2019-07-17 14:57:48]  "index.ftl"("zh_CN", UTF-8, parsed) no source found.
247034 DEBUG [2019-07-17 15:01:11]  TemplateLoader.findTemplateSource("index_zh_CN.ftl"): Not found
247035 DEBUG [2019-07-17 15:01:11]  TemplateLoader.findTemplateSource("index_zh.ftl"): Not found
247035 DEBUG [2019-07-17 15:01:11]  TemplateLoader.findTemplateSource("index.ftl"): Not found
247035 DEBUG [2019-07-17 15:01:11]  "index.ftl"("zh_CN", UTF-8, parsed) no source found.
2207752 DEBUG [2019-07-17 15:33:51]  TemplateLoader.findTemplateSource("index_zh_CN.ftl"): Not found
2207752 DEBUG [2019-07-17 15:33:51]  TemplateLoader.findTemplateSource("index_zh_CN.ftl"): Not found
2207753 DEBUG [2019-07-17 15:33:51]  TemplateLoader.findTemplateSource("index_zh.ftl"): Not found
2207753 DEBUG [2019-07-17 15:33:51]  TemplateLoader.findTemplateSource("index_zh.ftl"): Not found
2207754 DEBUG [2019-07-17 15:33:51]  TemplateLoader.findTemplateSource("index.ftl"): Not found
2207754 DEBUG [2019-07-17 15:33:51]  TemplateLoader.findTemplateSource("index.ftl"): Not found
2207754 DEBUG [2019-07-17 15:33:51]  "index.ftl"("zh_CN", UTF-8, parsed) no source found.
2207754 DEBUG [2019-07-17 15:33:51]  "index.ftl"("zh_CN", UTF-8, parsed) no source found.
0    DEBUG [2019-07-18 19:28:21]  Couldn't find template in cache for "index  .ftl"("zh_CN", UTF-8, parsed); will try to load it.
3    DEBUG [2019-07-18 19:28:21]  TemplateLoader.findTemplateSource("index  _zh_CN.ftl"): Not found
4    DEBUG [2019-07-18 19:28:21]  TemplateLoader.findTemplateSource("index  _zh.ftl"): Not found
5    DEBUG [2019-07-18 19:28:21]  TemplateLoader.findTemplateSource("index  .ftl"): Not found
0    DEBUG [2019-07-18 19:29:55]  Couldn't find template in cache for "index.ftl"("zh_CN", UTF-8, parsed); will try to load it.
3    DEBUG [2019-07-18 19:29:55]  TemplateLoader.findTemplateSource("index_zh_CN.ftl"): Not found
4    DEBUG [2019-07-18 19:29:55]  TemplateLoader.findTemplateSource("index_zh.ftl"): Not found
5    DEBUG [2019-07-18 19:29:55]  TemplateLoader.findTemplateSource("index.ftl"): Not found
0    DEBUG [2019-07-18 19:52:21]  Couldn't find template in cache for "index.ftl"("zh_CN", UTF-8, parsed); will try to load it.
2    DEBUG [2019-07-18 19:52:21]  TemplateLoader.findTemplateSource("index_zh_CN.ftl"): Not found
4    DEBUG [2019-07-18 19:52:21]  TemplateLoader.findTemplateSource("index_zh.ftl"): Not found
4    DEBUG [2019-07-18 19:52:21]  TemplateLoader.findTemplateSource("index.ftl"): Not found
0    DEBUG [2019-07-18 19:59:25]  Couldn't find template in cache for "index.ftl"("zh_CN", UTF-8, parsed); will try to load it.
3    DEBUG [2019-07-18 19:59:25]  TemplateLoader.findTemplateSource("index_zh_CN.ftl"): Not found
4    DEBUG [2019-07-18 19:59:25]  TemplateLoader.findTemplateSource("index_zh.ftl"): Not found
5    DEBUG [2019-07-18 19:59:25]  TemplateLoader.findTemplateSource("index.ftl"): Not found
833032 DEBUG [2019-07-18 20:13:18]  TemplateLoader.findTemplateSource("index_zh_CN.ftl"): Not found
833033 DEBUG [2019-07-18 20:13:18]  TemplateLoader.findTemplateSource("index_zh.ftl"): Not found
833033 DEBUG [2019-07-18 20:13:18]  TemplateLoader.findTemplateSource("index.ftl"): Not found
833034 DEBUG [2019-07-18 20:13:18]  "index.ftl"("zh_CN", UTF-8, parsed) no source found.
882818 DEBUG [2019-07-18 20:14:08]  TemplateLoader.findTemplateSource("index_zh_CN.ftl"): Not found
882819 DEBUG [2019-07-18 20:14:08]  TemplateLoader.findTemplateSource("index_zh.ftl"): Not found
882819 DEBUG [2019-07-18 20:14:08]  TemplateLoader.findTemplateSource("index.ftl"): Not found
882819 DEBUG [2019-07-18 20:14:08]  "index.ftl"("zh_CN", UTF-8, parsed) no source found.
0    DEBUG [2019-07-18 20:19:10]  Couldn't find template in cache for "index.ftl"("zh_CN", UTF-8, parsed); will try to load it.
3    DEBUG [2019-07-18 20:19:10]  TemplateLoader.findTemplateSource("index_zh_CN.ftl"): Not found
4    DEBUG [2019-07-18 20:19:10]  TemplateLoader.findTemplateSource("index_zh.ftl"): Not found
4    DEBUG [2019-07-18 20:19:10]  TemplateLoader.findTemplateSource("index.ftl"): Not found
72734 DEBUG [2019-07-18 20:20:23]  TemplateLoader.findTemplateSource("index_zh_CN.ftl"): Not found
72735 DEBUG [2019-07-18 20:20:23]  TemplateLoader.findTemplateSource("index_zh.ftl"): Not found
72735 DEBUG [2019-07-18 20:20:23]  TemplateLoader.findTemplateSource("index.ftl"): Not found
72735 DEBUG [2019-07-18 20:20:23]  "index.ftl"("zh_CN", UTF-8, parsed) no source found.
484340 DEBUG [2019-07-18 20:27:14]  TemplateLoader.findTemplateSource("index_zh_CN.ftl"): Not found
484440 DEBUG [2019-07-18 20:27:15]  TemplateLoader.findTemplateSource("index_zh.ftl"): Not found
484441 DEBUG [2019-07-18 20:27:15]  TemplateLoader.findTemplateSource("index.ftl"): Not found
484441 DEBUG [2019-07-18 20:27:15]  "index.ftl"("zh_CN", UTF-8, parsed) no source found.
1164081 DEBUG [2019-07-18 20:38:34]  TemplateLoader.findTemplateSource("index_zh_CN.ftl"): Not found
1164082 DEBUG [2019-07-18 20:38:34]  TemplateLoader.findTemplateSource("index_zh.ftl"): Not found
1164082 DEBUG [2019-07-18 20:38:34]  TemplateLoader.findTemplateSource("index.ftl"): Not found
1164083 DEBUG [2019-07-18 20:38:34]  "index.ftl"("zh_CN", UTF-8, parsed) no source found.
1181336 DEBUG [2019-07-18 20:38:51]  TemplateLoader.findTemplateSource("index_zh_CN.ftl"): Not found
1181337 DEBUG [2019-07-18 20:38:51]  TemplateLoader.findTemplateSource("index_zh.ftl"): Not found
1181337 DEBUG [2019-07-18 20:38:51]  TemplateLoader.findTemplateSource("index.ftl"): Not found
1181337 DEBUG [2019-07-18 20:38:51]  "index.ftl"("zh_CN", UTF-8, parsed) no source found.
1288589 DEBUG [2019-07-18 20:40:39]  TemplateLoader.findTemplateSource("index_zh_CN.ftl"): Not found
1288589 DEBUG [2019-07-18 20:40:39]  TemplateLoader.findTemplateSource("index_zh.ftl"): Not found
1288590 DEBUG [2019-07-18 20:40:39]  TemplateLoader.findTemplateSource("index.ftl"): Not found
1288590 DEBUG [2019-07-18 20:40:39]  "index.ftl"("zh_CN", UTF-8, parsed) no source found.
2299030 DEBUG [2019-07-18 20:57:29]  TemplateLoader.findTemplateSource("index_zh_CN.ftl"): Not found
2299031 DEBUG [2019-07-18 20:57:29]  TemplateLoader.findTemplateSource("index_zh.ftl"): Not found
2299032 DEBUG [2019-07-18 20:57:29]  TemplateLoader.findTemplateSource("index.ftl"): Not found
2299032 DEBUG [2019-07-18 20:57:29]  "index.ftl"("zh_CN", UTF-8, parsed) no source found.
3385876 DEBUG [2019-07-18 21:15:36]  TemplateLoader.findTemplateSource("index_zh_CN.ftl"): Not found
3385878 DEBUG [2019-07-18 21:15:36]  TemplateLoader.findTemplateSource("index_zh.ftl"): Not found
3385879 DEBUG [2019-07-18 21:15:36]  TemplateLoader.findTemplateSource("index.ftl"): Not found
3385879 DEBUG [2019-07-18 21:15:36]  "index.ftl"("zh_CN", UTF-8, parsed) no source found.
3517554 DEBUG [2019-07-18 21:17:48]  TemplateLoader.findTemplateSource("index_zh_CN.ftl"): Not found
3517555 DEBUG [2019-07-18 21:17:48]  TemplateLoader.findTemplateSource("index_zh.ftl"): Not found
3517555 DEBUG [2019-07-18 21:17:48]  TemplateLoader.findTemplateSource("index.ftl"): Not found
3517555 DEBUG [2019-07-18 21:17:48]  "index.ftl"("zh_CN", UTF-8, parsed) no source found.
3548247 DEBUG [2019-07-18 21:18:18]  TemplateLoader.findTemplateSource("index_zh_CN.ftl"): Not found
3548248 DEBUG [2019-07-18 21:18:18]  TemplateLoader.findTemplateSource("index_zh.ftl"): Not found
3548248 DEBUG [2019-07-18 21:18:18]  TemplateLoader.findTemplateSource("index.ftl"): Not found
3548248 DEBUG [2019-07-18 21:18:18]  "index.ftl"("zh_CN", UTF-8, parsed) no source found.
3576672 DEBUG [2019-07-18 21:18:47]  TemplateLoader.findTemplateSource("index_zh_CN.ftl"): Not found
3576673 DEBUG [2019-07-18 21:18:47]  TemplateLoader.findTemplateSource("index_zh.ftl"): Not found
3576674 DEBUG [2019-07-18 21:18:47]  TemplateLoader.findTemplateSource("index.ftl"): Not found
3576674 DEBUG [2019-07-18 21:18:47]  "index.ftl"("zh_CN", UTF-8, parsed) no source found.
3579818 DEBUG [2019-07-18 21:18:50]  "index.ftl"("zh_CN", UTF-8, parsed) cached copy not yet stale; using cached.
3588261 DEBUG [2019-07-18 21:18:58]  TemplateLoader.findTemplateSource("index_zh_CN.ftl"): Not found
3588262 DEBUG [2019-07-18 21:18:58]  TemplateLoader.findTemplateSource("index_zh.ftl"): Not found
3588262 DEBUG [2019-07-18 21:18:58]  TemplateLoader.findTemplateSource("index.ftl"): Not found
3588262 DEBUG [2019-07-18 21:18:58]  "index.ftl"("zh_CN", UTF-8, parsed) no source found.
3610586 DEBUG [2019-07-18 21:19:21]  TemplateLoader.findTemplateSource("index_zh_CN.ftl"): Not found
3610587 DEBUG [2019-07-18 21:19:21]  TemplateLoader.findTemplateSource("index_zh.ftl"): Not found
3610587 DEBUG [2019-07-18 21:19:21]  TemplateLoader.findTemplateSource("index.ftl"): Not found
3610587 DEBUG [2019-07-18 21:19:21]  "index.ftl"("zh_CN", UTF-8, parsed) no source found.
3612529 DEBUG [2019-07-18 21:19:23]  "index.ftl"("zh_CN", UTF-8, parsed) cached copy not yet stale; using cached.
3613475 DEBUG [2019-07-18 21:19:24]  "index.ftl"("zh_CN", UTF-8, parsed) cached copy not yet stale; using cached.
3614228 DEBUG [2019-07-18 21:19:24]  "index.ftl"("zh_CN", UTF-8, parsed) cached copy not yet stale; using cached.
3615188 DEBUG [2019-07-18 21:19:25]  "index.ftl"("zh_CN", UTF-8, parsed) cached copy not yet stale; using cached.
3616535 DEBUG [2019-07-18 21:19:27]  TemplateLoader.findTemplateSource("index_zh_CN.ftl"): Not found
3616536 DEBUG [2019-07-18 21:19:27]  TemplateLoader.findTemplateSource("index_zh.ftl"): Not found
3616536 DEBUG [2019-07-18 21:19:27]  TemplateLoader.findTemplateSource("index.ftl"): Not found
3616536 DEBUG [2019-07-18 21:19:27]  "index.ftl"("zh_CN", UTF-8, parsed) no source found.
3632120 DEBUG [2019-07-18 21:19:42]  TemplateLoader.findTemplateSource("index_zh_CN.ftl"): Not found
3632122 DEBUG [2019-07-18 21:19:42]  TemplateLoader.findTemplateSource("index_zh.ftl"): Not found
3632124 DEBUG [2019-07-18 21:19:42]  TemplateLoader.findTemplateSource("index.ftl"): Not found
3632124 DEBUG [2019-07-18 21:19:42]  "index.ftl"("zh_CN", UTF-8, parsed) no source found.
3649448 DEBUG [2019-07-18 21:20:00]  TemplateLoader.findTemplateSource("index_zh_CN.ftl"): Not found
3649450 DEBUG [2019-07-18 21:20:00]  TemplateLoader.findTemplateSource("index_zh.ftl"): Not found
3649451 DEBUG [2019-07-18 21:20:00]  TemplateLoader.findTemplateSource("index.ftl"): Not found
3649451 DEBUG [2019-07-18 21:20:00]  "index.ftl"("zh_CN", UTF-8, parsed) no source found.
3704711 DEBUG [2019-07-18 21:20:55]  TemplateLoader.findTemplateSource("index_zh_CN.ftl"): Not found
3704712 DEBUG [2019-07-18 21:20:55]  TemplateLoader.findTemplateSource("index_zh.ftl"): Not found
3704714 DEBUG [2019-07-18 21:20:55]  TemplateLoader.findTemplateSource("index.ftl"): Not found
3704714 DEBUG [2019-07-18 21:20:55]  "index.ftl"("zh_CN", UTF-8, parsed) no source found.
3708646 DEBUG [2019-07-18 21:20:59]  "index.ftl"("zh_CN", UTF-8, parsed) cached copy not yet stale; using cached.
3832369 DEBUG [2019-07-18 21:23:03]  TemplateLoader.findTemplateSource("index_zh_CN.ftl"): Not found
3832369 DEBUG [2019-07-18 21:23:03]  TemplateLoader.findTemplateSource("index_zh.ftl"): Not found
3832371 DEBUG [2019-07-18 21:23:03]  TemplateLoader.findTemplateSource("index.ftl"): Not found
3832371 DEBUG [2019-07-18 21:23:03]  "index.ftl"("zh_CN", UTF-8, parsed) no source found.
3847128 DEBUG [2019-07-18 21:23:17]  TemplateLoader.findTemplateSource("index_zh_CN.ftl"): Not found
3847131 DEBUG [2019-07-18 21:23:17]  TemplateLoader.findTemplateSource("index_zh.ftl"): Not found
3847132 DEBUG [2019-07-18 21:23:17]  TemplateLoader.findTemplateSource("index.ftl"): Not found
3847132 DEBUG [2019-07-18 21:23:17]  "index.ftl"("zh_CN", UTF-8, parsed) no source found.
3864162 DEBUG [2019-07-18 21:23:34]  TemplateLoader.findTemplateSource("index_zh_CN.ftl"): Not found
3864163 DEBUG [2019-07-18 21:23:34]  TemplateLoader.findTemplateSource("index_zh.ftl"): Not found
3864163 DEBUG [2019-07-18 21:23:34]  TemplateLoader.findTemplateSource("index.ftl"): Not found
3864163 DEBUG [2019-07-18 21:23:34]  "index.ftl"("zh_CN", UTF-8, parsed) no source found.
3935417 DEBUG [2019-07-18 21:24:46]  TemplateLoader.findTemplateSource("index_zh_CN.ftl"): Not found
3935418 DEBUG [2019-07-18 21:24:46]  TemplateLoader.findTemplateSource("index_zh.ftl"): Not found
3935419 DEBUG [2019-07-18 21:24:46]  TemplateLoader.findTemplateSource("index.ftl"): Not found
3935419 DEBUG [2019-07-18 21:24:46]  "index.ftl"("zh_CN", UTF-8, parsed) no source found.
3949270 DEBUG [2019-07-18 21:24:59]  TemplateLoader.findTemplateSource("index_zh_CN.ftl"): Not found
3949271 DEBUG [2019-07-18 21:24:59]  TemplateLoader.findTemplateSource("index_zh.ftl"): Not found
3949272 DEBUG [2019-07-18 21:24:59]  TemplateLoader.findTemplateSource("index.ftl"): Not found
3949272 DEBUG [2019-07-18 21:24:59]  "index.ftl"("zh_CN", UTF-8, parsed) no source found.
4025758 DEBUG [2019-07-18 21:26:16]  TemplateLoader.findTemplateSource("index_zh_CN.ftl"): Not found
4025760 DEBUG [2019-07-18 21:26:16]  TemplateLoader.findTemplateSource("index_zh.ftl"): Not found
4025762 DEBUG [2019-07-18 21:26:16]  TemplateLoader.findTemplateSource("index.ftl"): Not found
4025762 DEBUG [2019-07-18 21:26:16]  "index.ftl"("zh_CN", UTF-8, parsed) no source found.
4034850 DEBUG [2019-07-18 21:26:25]  TemplateLoader.findTemplateSource("index_zh_CN.ftl"): Not found
4034851 DEBUG [2019-07-18 21:26:25]  TemplateLoader.findTemplateSource("index_zh.ftl"): Not found
4034852 DEBUG [2019-07-18 21:26:25]  TemplateLoader.findTemplateSource("index.ftl"): Not found
4034852 DEBUG [2019-07-18 21:26:25]  "index.ftl"("zh_CN", UTF-8, parsed) no source found.
4050313 DEBUG [2019-07-18 21:26:40]  TemplateLoader.findTemplateSource("index_zh_CN.ftl"): Not found
4050314 DEBUG [2019-07-18 21:26:40]  TemplateLoader.findTemplateSource("index_zh.ftl"): Not found
4050315 DEBUG [2019-07-18 21:26:40]  TemplateLoader.findTemplateSource("index.ftl"): Not found
4050315 DEBUG [2019-07-18 21:26:40]  "index.ftl"("zh_CN", UTF-8, parsed) no source found.
4063018 DEBUG [2019-07-18 21:26:53]  TemplateLoader.findTemplateSource("index_zh_CN.ftl"): Not found
4063019 DEBUG [2019-07-18 21:26:53]  TemplateLoader.findTemplateSource("index_zh.ftl"): Not found
4063019 DEBUG [2019-07-18 21:26:53]  TemplateLoader.findTemplateSource("index.ftl"): Not found
4063019 DEBUG [2019-07-18 21:26:53]  "index.ftl"("zh_CN", UTF-8, parsed) no source found.
4095374 DEBUG [2019-07-18 21:27:26]  TemplateLoader.findTemplateSource("index_zh_CN.ftl"): Not found
4095377 DEBUG [2019-07-18 21:27:26]  TemplateLoader.findTemplateSource("index_zh.ftl"): Not found
4095378 DEBUG [2019-07-18 21:27:26]  TemplateLoader.findTemplateSource("index.ftl"): Not found
4095379 DEBUG [2019-07-18 21:27:26]  "index.ftl"("zh_CN", UTF-8, parsed) no source found.
4102497 DEBUG [2019-07-18 21:27:33]  TemplateLoader.findTemplateSource("index_zh_CN.ftl"): Not found
4102498 DEBUG [2019-07-18 21:27:33]  TemplateLoader.findTemplateSource("index_zh.ftl"): Not found
4102499 DEBUG [2019-07-18 21:27:33]  TemplateLoader.findTemplateSource("index.ftl"): Not found
4102499 DEBUG [2019-07-18 21:27:33]  "index.ftl"("zh_CN", UTF-8, parsed) no source found.
4109773 DEBUG [2019-07-18 21:27:40]  TemplateLoader.findTemplateSource("index_zh_CN.ftl"): Not found
4109774 DEBUG [2019-07-18 21:27:40]  TemplateLoader.findTemplateSource("index_zh.ftl"): Not found
4109775 DEBUG [2019-07-18 21:27:40]  TemplateLoader.findTemplateSource("index.ftl"): Not found
4109776 DEBUG [2019-07-18 21:27:40]  "index.ftl"("zh_CN", UTF-8, parsed) no source found.
4117616 DEBUG [2019-07-18 21:27:48]  TemplateLoader.findTemplateSource("index_zh_CN.ftl"): Not found
4117617 DEBUG [2019-07-18 21:27:48]  TemplateLoader.findTemplateSource("index_zh.ftl"): Not found
4117619 DEBUG [2019-07-18 21:27:48]  TemplateLoader.findTemplateSource("index.ftl"): Not found
4117619 DEBUG [2019-07-18 21:27:48]  "index.ftl"("zh_CN", UTF-8, parsed) no source found.
4130817 DEBUG [2019-07-18 21:28:01]  TemplateLoader.findTemplateSource("index_zh_CN.ftl"): Not found
4130818 DEBUG [2019-07-18 21:28:01]  TemplateLoader.findTemplateSource("index_zh.ftl"): Not found
4130819 DEBUG [2019-07-18 21:28:01]  TemplateLoader.findTemplateSource("index.ftl"): Not found
4130819 DEBUG [2019-07-18 21:28:01]  "index.ftl"("zh_CN", UTF-8, parsed) no source found.
4138594 DEBUG [2019-07-18 21:28:09]  TemplateLoader.findTemplateSource("index_zh_CN.ftl"): Not found
4138596 DEBUG [2019-07-18 21:28:09]  TemplateLoader.findTemplateSource("index_zh.ftl"): Not found
4138597 DEBUG [2019-07-18 21:28:09]  TemplateLoader.findTemplateSource("index.ftl"): Not found
4138597 DEBUG [2019-07-18 21:28:09]  "index.ftl"("zh_CN", UTF-8, parsed) no source found.
4165536 DEBUG [2019-07-18 21:28:36]  TemplateLoader.findTemplateSource("index_zh_CN.ftl"): Not found
4165539 DEBUG [2019-07-18 21:28:36]  TemplateLoader.findTemplateSource("index_zh.ftl"): Not found
4165540 DEBUG [2019-07-18 21:28:36]  TemplateLoader.findTemplateSource("index.ftl"): Not found
4165540 DEBUG [2019-07-18 21:28:36]  "index.ftl"("zh_CN", UTF-8, parsed) no source found.
4174533 DEBUG [2019-07-18 21:28:45]  TemplateLoader.findTemplateSource("index_zh_CN.ftl"): Not found
4174534 DEBUG [2019-07-18 21:28:45]  TemplateLoader.findTemplateSource("index_zh.ftl"): Not found
4174536 DEBUG [2019-07-18 21:28:45]  TemplateLoader.findTemplateSource("index.ftl"): Not found
4174536 DEBUG [2019-07-18 21:28:45]  "index.ftl"("zh_CN", UTF-8, parsed) no source found.
4660582 DEBUG [2019-07-18 21:36:51]  TemplateLoader.findTemplateSource("index_zh_CN.ftl"): Not found
4660583 DEBUG [2019-07-18 21:36:51]  TemplateLoader.findTemplateSource("index_zh.ftl"): Not found
4660584 DEBUG [2019-07-18 21:36:51]  TemplateLoader.findTemplateSource("index.ftl"): Not found
4660584 DEBUG [2019-07-18 21:36:51]  "index.ftl"("zh_CN", UTF-8, parsed) no source found.
4834874 DEBUG [2019-07-18 21:39:45]  TemplateLoader.findTemplateSource("index_zh_CN.ftl"): Not found
4834875 DEBUG [2019-07-18 21:39:45]  TemplateLoader.findTemplateSource("index_zh.ftl"): Not found
4834876 DEBUG [2019-07-18 21:39:45]  TemplateLoader.findTemplateSource("index.ftl"): Not found
4834876 DEBUG [2019-07-18 21:39:45]  "index.ftl"("zh_CN", UTF-8, parsed) no source found.
4918758 DEBUG [2019-07-18 21:41:09]  TemplateLoader.findTemplateSource("index_zh_CN.ftl"): Not found
4918760 DEBUG [2019-07-18 21:41:09]  TemplateLoader.findTemplateSource("index_zh.ftl"): Not found
4918761 DEBUG [2019-07-18 21:41:09]  TemplateLoader.findTemplateSource("index.ftl"): Not found
4918761 DEBUG [2019-07-18 21:41:09]  "index.ftl"("zh_CN", UTF-8, parsed) no source found.
5626916 DEBUG [2019-07-18 21:52:57]  TemplateLoader.findTemplateSource("index_zh_CN.ftl"): Not found
5626918 DEBUG [2019-07-18 21:52:57]  TemplateLoader.findTemplateSource("index_zh.ftl"): Not found
5626919 DEBUG [2019-07-18 21:52:57]  TemplateLoader.findTemplateSource("index.ftl"): Not found
5626919 DEBUG [2019-07-18 21:52:57]  "index.ftl"("zh_CN", UTF-8, parsed) no source found.
0    DEBUG [2019-07-19 16:16:58]  Couldn't find template in cache for "index.ftl"("zh_CN", UTF-8, parsed); will try to load it.
30   DEBUG [2019-07-19 16:16:58]  TemplateLoader.findTemplateSource("index_zh_CN.ftl"): Not found
37   DEBUG [2019-07-19 16:16:58]  TemplateLoader.findTemplateSource("index_zh.ftl"): Not found
40   DEBUG [2019-07-19 16:16:58]  TemplateLoader.findTemplateSource("index.ftl"): Not found
111493 DEBUG [2019-07-19 16:18:49]  TemplateLoader.findTemplateSource("index_zh_CN.ftl"): Not found
111495 DEBUG [2019-07-19 16:18:49]  TemplateLoader.findTemplateSource("index_zh.ftl"): Not found
111498 DEBUG [2019-07-19 16:18:49]  TemplateLoader.findTemplateSource("index.ftl"): Not found
111498 DEBUG [2019-07-19 16:18:49]  "index.ftl"("zh_CN", UTF-8, parsed) no source found.
157564 DEBUG [2019-07-19 16:19:36]  TemplateLoader.findTemplateSource("index_zh_CN.ftl"): Not found
157567 DEBUG [2019-07-19 16:19:36]  TemplateLoader.findTemplateSource("index_zh.ftl"): Not found
157571 DEBUG [2019-07-19 16:19:36]  TemplateLoader.findTemplateSource("index.ftl"): Not found
157571 DEBUG [2019-07-19 16:19:36]  "index.ftl"("zh_CN", UTF-8, parsed) no source found.
306005 DEBUG [2019-07-19 16:22:04]  TemplateLoader.findTemplateSource("index_zh_CN.ftl"): Not found
306008 DEBUG [2019-07-19 16:22:04]  TemplateLoader.findTemplateSource("index_zh.ftl"): Not found
306010 DEBUG [2019-07-19 16:22:04]  TemplateLoader.findTemplateSource("index.ftl"): Not found
306010 DEBUG [2019-07-19 16:22:04]  "index.ftl"("zh_CN", UTF-8, parsed) no source found.
529445 DEBUG [2019-07-19 16:25:47]  TemplateLoader.findTemplateSource("index_zh_CN.ftl"): Not found
529446 DEBUG [2019-07-19 16:25:47]  TemplateLoader.findTemplateSource("index_zh.ftl"): Not found
529449 DEBUG [2019-07-19 16:25:47]  TemplateLoader.findTemplateSource("index.ftl"): Not found
529449 DEBUG [2019-07-19 16:25:47]  "index.ftl"("zh_CN", UTF-8, parsed) no source found.
611170 DEBUG [2019-07-19 16:27:09]  TemplateLoader.findTemplateSource("index_zh_CN.ftl"): Not found
611172 DEBUG [2019-07-19 16:27:09]  TemplateLoader.findTemplateSource("index_zh.ftl"): Not found
611173 DEBUG [2019-07-19 16:27:09]  TemplateLoader.findTemplateSource("index.ftl"): Not found
611173 DEBUG [2019-07-19 16:27:09]  "index.ftl"("zh_CN", UTF-8, parsed) no source found.
699363 DEBUG [2019-07-19 16:28:37]  TemplateLoader.findTemplateSource("index_zh_CN.ftl"): Not found
699365 DEBUG [2019-07-19 16:28:37]  TemplateLoader.findTemplateSource("index_zh.ftl"): Not found
699367 DEBUG [2019-07-19 16:28:37]  TemplateLoader.findTemplateSource("index.ftl"): Not found
699367 DEBUG [2019-07-19 16:28:37]  "index.ftl"("zh_CN", UTF-8, parsed) no source found.
767869 DEBUG [2019-07-19 16:29:46]  TemplateLoader.findTemplateSource("index_zh_CN.ftl"): Not found
767871 DEBUG [2019-07-19 16:29:46]  TemplateLoader.findTemplateSource("index_zh.ftl"): Not found
767876 DEBUG [2019-07-19 16:29:46]  TemplateLoader.findTemplateSource("index.ftl"): Not found
767876 DEBUG [2019-07-19 16:29:46]  "index.ftl"("zh_CN", UTF-8, parsed) no source found.
823491 DEBUG [2019-07-19 16:30:41]  TemplateLoader.findTemplateSource("index_zh_CN.ftl"): Not found
823494 DEBUG [2019-07-19 16:30:41]  TemplateLoader.findTemplateSource("index_zh.ftl"): Not found
823495 DEBUG [2019-07-19 16:30:41]  TemplateLoader.findTemplateSource("index.ftl"): Not found
823495 DEBUG [2019-07-19 16:30:41]  "index.ftl"("zh_CN", UTF-8, parsed) no source found.
846110 DEBUG [2019-07-19 16:31:04]  TemplateLoader.findTemplateSource("index_zh_CN.ftl"): Not found
846112 DEBUG [2019-07-19 16:31:04]  TemplateLoader.findTemplateSource("index_zh.ftl"): Not found
846114 DEBUG [2019-07-19 16:31:04]  TemplateLoader.findTemplateSource("index.ftl"): Not found
846114 DEBUG [2019-07-19 16:31:04]  "index.ftl"("zh_CN", UTF-8, parsed) no source found.
901860 DEBUG [2019-07-19 16:32:00]  TemplateLoader.findTemplateSource("index_zh_CN.ftl"): Not found
901861 DEBUG [2019-07-19 16:32:00]  TemplateLoader.findTemplateSource("index_zh.ftl"): Not found
901862 DEBUG [2019-07-19 16:32:00]  TemplateLoader.findTemplateSource("index.ftl"): Not found
901862 DEBUG [2019-07-19 16:32:00]  "index.ftl"("zh_CN", UTF-8, parsed) no source found.
941942 DEBUG [2019-07-19 16:32:40]  TemplateLoader.findTemplateSource("index_zh_CN.ftl"): Not found
941944 DEBUG [2019-07-19 16:32:40]  TemplateLoader.findTemplateSource("index_zh.ftl"): Not found
941945 DEBUG [2019-07-19 16:32:40]  TemplateLoader.findTemplateSource("index.ftl"): Not found
941945 DEBUG [2019-07-19 16:32:40]  "index.ftl"("zh_CN", UTF-8, parsed) no source found.
1007676 DEBUG [2019-07-19 16:33:46]  TemplateLoader.findTemplateSource("index_zh_CN.ftl"): Not found
1007677 DEBUG [2019-07-19 16:33:46]  TemplateLoader.findTemplateSource("index_zh.ftl"): Not found
1007679 DEBUG [2019-07-19 16:33:46]  TemplateLoader.findTemplateSource("index.ftl"): Not found
1007679 DEBUG [2019-07-19 16:33:46]  "index.ftl"("zh_CN", UTF-8, parsed) no source found.
1056332 DEBUG [2019-07-19 16:34:34]  TemplateLoader.findTemplateSource("index_zh_CN.ftl"): Not found
1056337 DEBUG [2019-07-19 16:34:34]  TemplateLoader.findTemplateSource("index_zh.ftl"): Not found
1056340 DEBUG [2019-07-19 16:34:34]  TemplateLoader.findTemplateSource("index.ftl"): Not found
1056340 DEBUG [2019-07-19 16:34:34]  "index.ftl"("zh_CN", UTF-8, parsed) no source found.
1113593 DEBUG [2019-07-19 16:35:32]  TemplateLoader.findTemplateSource("index_zh_CN.ftl"): Not found
1113594 DEBUG [2019-07-19 16:35:32]  TemplateLoader.findTemplateSource("index_zh.ftl"): Not found
1113595 DEBUG [2019-07-19 16:35:32]  TemplateLoader.findTemplateSource("index.ftl"): Not found
1113595 DEBUG [2019-07-19 16:35:32]  "index.ftl"("zh_CN", UTF-8, parsed) no source found.
1276576 DEBUG [2019-07-19 16:38:15]  TemplateLoader.findTemplateSource("index_zh_CN.ftl"): Not found
1276577 DEBUG [2019-07-19 16:38:15]  TemplateLoader.findTemplateSource("index_zh.ftl"): Not found
1276578 DEBUG [2019-07-19 16:38:15]  TemplateLoader.findTemplateSource("index.ftl"): Not found
1276579 DEBUG [2019-07-19 16:38:15]  "index.ftl"("zh_CN", UTF-8, parsed) no source found.
0    DEBUG [2019-07-24 10:36:57]  Couldn't find template in cache for "index.ftl"("zh_CN", UTF-8, parsed); will try to load it.
3    DEBUG [2019-07-24 10:36:57]  TemplateLoader.findTemplateSource("index_zh_CN.ftl"): Not found
4    DEBUG [2019-07-24 10:36:57]  TemplateLoader.findTemplateSource("index_zh.ftl"): Not found
5    DEBUG [2019-07-24 10:36:57]  TemplateLoader.findTemplateSource("index.ftl"): Not found
32818 DEBUG [2019-07-24 10:37:30]  TemplateLoader.findTemplateSource("index_zh_CN.ftl"): Not found
32819 DEBUG [2019-07-24 10:37:30]  TemplateLoader.findTemplateSource("index_zh.ftl"): Not found
32820 DEBUG [2019-07-24 10:37:30]  TemplateLoader.findTemplateSource("index.ftl"): Not found
32820 DEBUG [2019-07-24 10:37:30]  "index.ftl"("zh_CN", UTF-8, parsed) no source found.
58917 DEBUG [2019-07-24 10:37:56]  TemplateLoader.findTemplateSource("index_zh_CN.ftl"): Not found
58918 DEBUG [2019-07-24 10:37:56]  TemplateLoader.findTemplateSource("index_zh.ftl"): Not found
58918 DEBUG [2019-07-24 10:37:56]  TemplateLoader.findTemplateSource("index.ftl"): Not found
58918 DEBUG [2019-07-24 10:37:56]  "index.ftl"("zh_CN", UTF-8, parsed) no source found.
636729 DEBUG [2019-07-24 10:47:34]  TemplateLoader.findTemplateSource("index_zh_CN.ftl"): Not found
636729 DEBUG [2019-07-24 10:47:34]  TemplateLoader.findTemplateSource("index_zh.ftl"): Not found
636730 DEBUG [2019-07-24 10:47:34]  TemplateLoader.findTemplateSource("index.ftl"): Not found
636730 DEBUG [2019-07-24 10:47:34]  "index.ftl"("zh_CN", UTF-8, parsed) no source found.
743728 DEBUG [2019-07-24 10:49:21]  TemplateLoader.findTemplateSource("index_zh_CN.ftl"): Not found
743729 DEBUG [2019-07-24 10:49:21]  TemplateLoader.findTemplateSource("index_zh.ftl"): Not found
743730 DEBUG [2019-07-24 10:49:21]  TemplateLoader.findTemplateSource("index.ftl"): Not found
743731 DEBUG [2019-07-24 10:49:21]  "index.ftl"("zh_CN", UTF-8, parsed) no source found.
756955 DEBUG [2019-07-24 10:49:34]  TemplateLoader.findTemplateSource("index_zh_CN.ftl"): Not found
756956 DEBUG [2019-07-24 10:49:34]  TemplateLoader.findTemplateSource("index_zh.ftl"): Not found
756957 DEBUG [2019-07-24 10:49:34]  TemplateLoader.findTemplateSource("index.ftl"): Not found
756957 DEBUG [2019-07-24 10:49:34]  "index.ftl"("zh_CN", UTF-8, parsed) no source found.
929235 DEBUG [2019-07-24 10:52:26]  TemplateLoader.findTemplateSource("index_zh_CN.ftl"): Not found
929236 DEBUG [2019-07-24 10:52:26]  TemplateLoader.findTemplateSource("index_zh.ftl"): Not found
929236 DEBUG [2019-07-24 10:52:26]  TemplateLoader.findTemplateSource("index.ftl"): Not found
929236 DEBUG [2019-07-24 10:52:26]  "index.ftl"("zh_CN", UTF-8, parsed) no source found.
975665 DEBUG [2019-07-24 10:53:13]  TemplateLoader.findTemplateSource("index_zh_CN.ftl"): Not found
975665 DEBUG [2019-07-24 10:53:13]  TemplateLoader.findTemplateSource("index_zh.ftl"): Not found
975666 DEBUG [2019-07-24 10:53:13]  TemplateLoader.findTemplateSource("index.ftl"): Not found
975666 DEBUG [2019-07-24 10:53:13]  "index.ftl"("zh_CN", UTF-8, parsed) no source found.
1044404 DEBUG [2019-07-24 10:54:21]  TemplateLoader.findTemplateSource("index_zh_CN.ftl"): Not found
1044404 DEBUG [2019-07-24 10:54:21]  TemplateLoader.findTemplateSource("index_zh.ftl"): Not found
1044405 DEBUG [2019-07-24 10:54:21]  TemplateLoader.findTemplateSource("index.ftl"): Not found
1044405 DEBUG [2019-07-24 10:54:21]  "index.ftl"("zh_CN", UTF-8, parsed) no source found.
1072102 DEBUG [2019-07-24 10:54:49]  TemplateLoader.findTemplateSource("index_zh_CN.ftl"): Not found
1072102 DEBUG [2019-07-24 10:54:49]  TemplateLoader.findTemplateSource("index_zh.ftl"): Not found
1072103 DEBUG [2019-07-24 10:54:49]  TemplateLoader.findTemplateSource("index.ftl"): Not found
1072103 DEBUG [2019-07-24 10:54:49]  "index.ftl"("zh_CN", UTF-8, parsed) no source found.
1097172 DEBUG [2019-07-24 10:55:14]  TemplateLoader.findTemplateSource("index_zh_CN.ftl"): Not found
1097173 DEBUG [2019-07-24 10:55:14]  TemplateLoader.findTemplateSource("index_zh.ftl"): Not found
1097173 DEBUG [2019-07-24 10:55:14]  TemplateLoader.findTemplateSource("index.ftl"): Not found
1097174 DEBUG [2019-07-24 10:55:14]  "index.ftl"("zh_CN", UTF-8, parsed) no source found.
1137147 DEBUG [2019-07-24 10:55:54]  TemplateLoader.findTemplateSource("index_zh_CN.ftl"): Not found
1137148 DEBUG [2019-07-24 10:55:54]  TemplateLoader.findTemplateSource("index_zh.ftl"): Not found
1137149 DEBUG [2019-07-24 10:55:54]  TemplateLoader.findTemplateSource("index.ftl"): Not found
1137149 DEBUG [2019-07-24 10:55:54]  "index.ftl"("zh_CN", UTF-8, parsed) no source found.
1137640 DEBUG [2019-07-24 10:55:55]  "index.ftl"("zh_CN", UTF-8, parsed) cached copy not yet stale; using cached.
1171520 DEBUG [2019-07-24 10:56:29]  TemplateLoader.findTemplateSource("index_zh_CN.ftl"): Not found
1171521 DEBUG [2019-07-24 10:56:29]  TemplateLoader.findTemplateSource("index_zh.ftl"): Not found
1171522 DEBUG [2019-07-24 10:56:29]  TemplateLoader.findTemplateSource("index.ftl"): Not found
1171522 DEBUG [2019-07-24 10:56:29]  "index.ftl"("zh_CN", UTF-8, parsed) no source found.
1296408 DEBUG [2019-07-24 10:58:33]  TemplateLoader.findTemplateSource("index_zh_CN.ftl"): Not found
1296409 DEBUG [2019-07-24 10:58:33]  TemplateLoader.findTemplateSource("index_zh.ftl"): Not found
1296411 DEBUG [2019-07-24 10:58:33]  TemplateLoader.findTemplateSource("index.ftl"): Not found
1296412 DEBUG [2019-07-24 10:58:33]  "index.ftl"("zh_CN", UTF-8, parsed) no source found.
1311679 DEBUG [2019-07-24 10:58:49]  TemplateLoader.findTemplateSource("index_zh_CN.ftl"): Not found
1311680 DEBUG [2019-07-24 10:58:49]  TemplateLoader.findTemplateSource("index_zh.ftl"): Not found
1311681 DEBUG [2019-07-24 10:58:49]  TemplateLoader.findTemplateSource("index.ftl"): Not found
1311681 DEBUG [2019-07-24 10:58:49]  "index.ftl"("zh_CN", UTF-8, parsed) no source found.
1371140 DEBUG [2019-07-24 10:59:48]  TemplateLoader.findTemplateSource("index_zh_CN.ftl"): Not found
1371141 DEBUG [2019-07-24 10:59:48]  TemplateLoader.findTemplateSource("index_zh.ftl"): Not found
1371145 DEBUG [2019-07-24 10:59:48]  TemplateLoader.findTemplateSource("index.ftl"): Not found
1371146 DEBUG [2019-07-24 10:59:48]  "index.ftl"("zh_CN", UTF-8, parsed) no source found.
1420468 DEBUG [2019-07-24 11:00:38]  TemplateLoader.findTemplateSource("index_zh_CN.ftl"): Not found
1420469 DEBUG [2019-07-24 11:00:38]  TemplateLoader.findTemplateSource("index_zh.ftl"): Not found
1420469 DEBUG [2019-07-24 11:00:38]  TemplateLoader.findTemplateSource("index.ftl"): Not found
1420469 DEBUG [2019-07-24 11:00:38]  "index.ftl"("zh_CN", UTF-8, parsed) no source found.
1452964 DEBUG [2019-07-24 11:01:10]  TemplateLoader.findTemplateSource("index_zh_CN.ftl"): Not found
1452965 DEBUG [2019-07-24 11:01:10]  TemplateLoader.findTemplateSource("index_zh.ftl"): Not found
1452965 DEBUG [2019-07-24 11:01:10]  TemplateLoader.findTemplateSource("index.ftl"): Not found
1452965 DEBUG [2019-07-24 11:01:10]  "index.ftl"("zh_CN", UTF-8, parsed) no source found.
0    DEBUG [2019-08-17 12:29:29]  Couldn't find template in cache for "user/deleteSubscription.ftl"("zh_CN", UTF-8, parsed); will try to load it.
3    DEBUG [2019-08-17 12:29:29]  TemplateLoader.findTemplateSource("user/deleteSubscription_zh_CN.ftl"): Not found
4    DEBUG [2019-08-17 12:29:29]  TemplateLoader.findTemplateSource("user/deleteSubscription_zh.ftl"): Not found
5    DEBUG [2019-08-17 12:29:29]  TemplateLoader.findTemplateSource("user/deleteSubscription.ftl"): Not found
0    DEBUG [2019-08-18 15:01:59]  Couldn't find template in cache for "index.ftl"("zh_CN", UTF-8, parsed); will try to load it.
13   DEBUG [2019-08-18 15:01:59]  TemplateLoader.findTemplateSource("index_zh_CN.ftl"): Not found
19   DEBUG [2019-08-18 15:01:59]  TemplateLoader.findTemplateSource("index_zh.ftl"): Not found
22   DEBUG [2019-08-18 15:01:59]  TemplateLoader.findTemplateSource("index.ftl"): Not found
88573 DEBUG [2019-08-18 15:03:28]  TemplateLoader.findTemplateSource("index_zh_CN.ftl"): Not found
88577 DEBUG [2019-08-18 15:03:28]  TemplateLoader.findTemplateSource("index_zh.ftl"): Not found
88578 DEBUG [2019-08-18 15:03:28]  TemplateLoader.findTemplateSource("index.ftl"): Not found
88578 DEBUG [2019-08-18 15:03:28]  "index.ftl"("zh_CN", UTF-8, parsed) no source found.
